193, 0
:, -1
int, -1
178, 1
:, -1
int, -1
246, 2
:, -1
int, -1
sys, -1
., -1
read, -1
(, -1
193, 0
), -1
178, 1
=, -1
int const, [2, 3]
246, 2
=, -1
int const, [1, 4]
while, -1
178, 1
*, -1
178, 1
<, -1
193, 0
and, -1
246, 2
=, -1
=, -1
int const, [1, 5]
do, -1
begin, -1
:, -1
if, -1
193, 0
%, -1
178, 1
=, -1
=, -1
int const, [0, 6]
begin, -1
:, -1
246, 2
=, -1
int const, [0, 7]
else, -1
begin, -1
:, -1
178, 1
=, -1
178, 1
+, -1
int const, [1, 8]
end, -1
;, -1
end, -1
;, -1
if, -1
246, 2
=, -1
=, -1
int const, [1, 9]
begin, -1
:, -1
sys, -1
., -1
write, -1
(, -1
str const, [442, 10]
), -1
else, -1
begin, -1
:, -1
sys, -1
., -1
write, -1
(, -1
str const, [191, 11]
), -1
end, -1
;, -1
170, 12
:, -1
int, -1
171, 13
:, -1
int, -1
sys, -1
., -1
write, -1
(, -1
str const, [439, 14]
), -1
sys, -1
., -1
read, -1
(, -1
170, 12
), -1
sys, -1
., -1
write, -1
(, -1
str const, [28, 15]
), -1
sys, -1
., -1
read, -1
(, -1
171, 13
), -1
220, 16
:, -1
int, -1
while, -1
171, 13
!, -1
=, -1
int const, [0, 17]
do, -1
begin, -1
:, -1
220, 16
=, -1
170, 12
%, -1
171, 13
170, 12
=, -1
171, 13
171, 13
=, -1
220, 16
end, -1
;, -1
sys, -1
., -1
write, -1
(, -1
str const, [124, 18]
), -1
sys, -1
., -1
write, -1
(, -1
170, 12
), -1
170, 12
:, -1
int, -1
171, 13
:, -1
int, -1
172, 19
:, -1
int, -1
sys, -1
., -1
write, -1
(, -1
str const, [403, 20]
), -1
sys, -1
., -1
write, -1
(, -1
str const, [439, 21]
), -1
sys, -1
., -1
read, -1
(, -1
170, 12
), -1
sys, -1
., -1
write, -1
(, -1
str const, [28, 22]
), -1
sys, -1
., -1
read, -1
(, -1
171, 13
), -1
sys, -1
., -1
write, -1
(, -1
str const, [117, 23]
), -1
sys, -1
., -1
read, -1
(, -1
172, 19
), -1
7, 24
:, -1
int, -1
7, 24
=, -1
171, 13
*, -1
171, 13
-, -1
int const, [4, 25]
*, -1
170, 12
*, -1
172, 19
148, 26
:, -1
real, -1
149, 27
:, -1
real, -1
if, -1
7, 24
<, -1
int const, [0, 28]
begin, -1
:, -1
sys, -1
., -1
write, -1
(, -1
str const, [208, 29]
), -1
end, -1
;, -1
if, -1
7, 24
=, -1
int const, [0, 30]
begin, -1
:, -1
148, 26
=, -1
(, -1
-, -1
171, 13
), -1
/, -1
(, -1
int const, [2, 31]
*, -1
170, 12
), -1
end, -1
;, -1
148, 26
=, -1
(, -1
(, -1
-, -1
171, 13
), -1
-, -1
(, -1
rad, -1
7, 24
), -1
), -1
/, -1
(, -1
int const, [2, 32]
*, -1
170, 12
), -1
149, 27
=, -1
(, -1
(, -1
-, -1
171, 13
), -1
+, -1
(, -1
rad, -1
7, 24
), -1
), -1
/, -1
(, -1
int const, [2, 33]
*, -1
170, 12
), -1
sys, -1
., -1
write, -1
(, -1
str const, [35, 34]
), -1
sys, -1
., -1
write, -1
(, -1
148, 26
), -1
sys, -1
., -1
write, -1
(, -1
str const, [156, 35]
), -1
sys, -1
., -1
write, -1
(, -1
149, 27
), -1
